<?xml version="1.0" encoding="UTF-8"?>
<!-- Generated by org.testng.reporters.JUnitReportReporter -->
<testsuite hostname="fceeababadbd305296924dffcbbfbdaafone-0" failures="0" tests="1" name="runner.Testcase2" time="13.830" errors="0" timestamp="2023-09-21T11:39:37 UTC" skipped="0">
  <testcase classname="runner.Testcase2" name="TC_002" time="13.830"/>
</testsuite> <!-- runner.Testcase2 -->
