<?xml version="1.0" encoding="UTF-8"?>
<!-- Generated by org.testng.reporters.JUnitReportReporter -->
<testsuite hostname="fceeababadbd305296924dffcbbfbdaafone-0" failures="0" tests="1" name="runner.Testcase1" time="9.139" errors="0" timestamp="2023-09-21T11:39:37 UTC" skipped="0">
  <testcase classname="runner.Testcase1" name="TC_001" time="9.139"/>
</testsuite> <!-- runner.Testcase1 -->
